{
  message: 'undefined error occured',
  level: '\x1B[31merror\x1B[39m',
  timestamp: '2021-08-17 08:46:36'
}
{
  message: 'user already exists',
  level: '\x1B[31merror\x1B[39m',
  timestamp: '2021-08-17 08:53:28'
}
{
  message: 'undefined error occured',
  level: '\x1B[31merror\x1B[39m',
  timestamp: '2021-08-17 08:55:07'
}
{
  message: 'requested node is not locked',
  level: '\x1B[31merror\x1B[39m',
  timestamp: '2021-08-17 09:00:59'
}
{
  message: 'undefined error occured',
  level: '\x1B[31merror\x1B[39m',
  timestamp: '2021-08-17 09:01:32'
}
{
  message: 'requested question is already solved',
  level: '\x1B[31merror\x1B[39m',
  timestamp: '2021-08-17 09:11:10'
}
{
  message: 'requested question is not unlocked',
  level: '\x1B[31merror\x1B[39m',
  timestamp: '2021-08-17 09:11:27'
}
{
  message: 'requested question is already solved',
  level: '\x1B[31merror\x1B[39m',
  timestamp: '2021-08-17 09:11:37'
}
{
  message: 'requested node is not locked',
  level: '\x1B[31merror\x1B[39m',
  timestamp: '2021-08-17 09:11:43'
}
{
  message: 'requested question is already solved',
  level: '\x1B[31merror\x1B[39m',
  timestamp: '2021-08-17 09:13:06'
}
{
  message: 'requested node is not locked',
  level: '\x1B[31merror\x1B[39m',
  timestamp: '2021-08-17 09:13:17'
}
{
  message: 'requested question is already solved',
  level: '\x1B[31merror\x1B[39m',
  timestamp: '2021-08-18 13:56:36'
}
{
  message: 'requested question is not unlocked',
  level: '\x1B[31merror\x1B[39m',
  timestamp: '2021-08-18 14:38:36'
}
{
  message: 'requested question is already solved',
  level: '\x1B[31merror\x1B[39m',
  timestamp: '2021-08-18 14:38:58'
}
{
  message: 'requested node is not locked',
  level: '\x1B[31merror\x1B[39m',
  timestamp: '2021-08-18 14:39:33'
}
{
  message: 'requested node is not locked',
  level: '\x1B[31merror\x1B[39m',
  timestamp: '2021-08-18 14:39:37'
}
{
  message: 'requested node is not locked',
  level: '\x1B[31merror\x1B[39m',
  timestamp: '2021-08-18 18:33:31'
}
{
  message: 'requested question is already solved',
  level: '\x1B[31merror\x1B[39m',
  timestamp: '2021-08-19 01:32:10'
}
